  PI-Allegro.c
c:\users\keeee\source\repos\pi-allegro\2017\pi-allegro2017\pi-allegro.c(77): warning C4013: 'sodium_init' undefined; assuming extern returning int
c:\users\keeee\source\repos\pi-allegro\2017\pi-allegro2017\pi-allegro.c(113): warning C4013: 'randombytes_uniform' undefined; assuming extern returning int
LINK : warning LNK4098: defaultlib 'LIBCMT' conflicts with use of other libs; use /NODEFAULTLIB:library
libsodium.lib(blake2b-compress-ref.obj) : warning LNK4099: PDB 'libsodium.pdb' was not found with 'libsodium.lib(blake2b-compress-ref.obj)' or at 'C:\Users\keeee\source\repos\PI-Allegro\2017\PI-Allegro2017\Debug\libsodium.pdb'; linking object as if no debug info
libsodium.lib(blake2b-compress-ssse3.obj) : warning LNK4099: PDB 'libsodium.pdb' was not found with 'libsodium.lib(blake2b-compress-ssse3.obj)' or at 'C:\Users\keeee\source\repos\PI-Allegro\2017\PI-Allegro2017\Debug\libsodium.pdb'; linking object as if no debug info
libsodium.lib(blake2b-compress-sse41.obj) : warning LNK4099: PDB 'libsodium.pdb' was not found with 'libsodium.lib(blake2b-compress-sse41.obj)' or at 'C:\Users\keeee\source\repos\PI-Allegro\2017\PI-Allegro2017\Debug\libsodium.pdb'; linking object as if no debug info
libsodium.lib(generichash_blake2b.obj) : warning LNK4099: PDB 'libsodium.pdb' was not found with 'libsodium.lib(generichash_blake2b.obj)' or at 'C:\Users\keeee\source\repos\PI-Allegro\2017\PI-Allegro2017\Debug\libsodium.pdb'; linking object as if no debug info
libsodium.lib(blake2b-ref.obj) : warning LNK4099: PDB 'libsodium.pdb' was not found with 'libsodium.lib(blake2b-ref.obj)' or at 'C:\Users\keeee\source\repos\PI-Allegro\2017\PI-Allegro2017\Debug\libsodium.pdb'; linking object as if no debug info
libsodium.lib(blake2b-long.obj) : warning LNK4099: PDB 'libsodium.pdb' was not found with 'libsodium.lib(blake2b-long.obj)' or at 'C:\Users\keeee\source\repos\PI-Allegro\2017\PI-Allegro2017\Debug\libsodium.pdb'; linking object as if no debug info
libsodium.lib(argon2-core.obj) : warning LNK4099: PDB 'libsodium.pdb' was not found with 'libsodium.lib(argon2-core.obj)' or at 'C:\Users\keeee\source\repos\PI-Allegro\2017\PI-Allegro2017\Debug\libsodium.pdb'; linking object as if no debug info
libsodium.lib(argon2-fill-block-ref.obj) : warning LNK4099: PDB 'libsodium.pdb' was not found with 'libsodium.lib(argon2-fill-block-ref.obj)' or at 'C:\Users\keeee\source\repos\PI-Allegro\2017\PI-Allegro2017\Debug\libsodium.pdb'; linking object as if no debug info
libsodium.lib(argon2-fill-block-ssse3.obj) : warning LNK4099: PDB 'libsodium.pdb' was not found with 'libsodium.lib(argon2-fill-block-ssse3.obj)' or at 'C:\Users\keeee\source\repos\PI-Allegro\2017\PI-Allegro2017\Debug\libsodium.pdb'; linking object as if no debug info
libsodium.lib(verify.obj) : warning LNK4099: PDB 'libsodium.pdb' was not found with 'libsodium.lib(verify.obj)' or at 'C:\Users\keeee\source\repos\PI-Allegro\2017\PI-Allegro2017\Debug\libsodium.pdb'; linking object as if no debug info
libsodium.lib(scalarmult_curve25519.obj) : warning LNK4099: PDB 'libsodium.pdb' was not found with 'libsodium.lib(scalarmult_curve25519.obj)' or at 'C:\Users\keeee\source\repos\PI-Allegro\2017\PI-Allegro2017\Debug\libsodium.pdb'; linking object as if no debug info
libsodium.lib(x25519_ref10.obj) : warning LNK4099: PDB 'libsodium.pdb' was not found with 'libsodium.lib(x25519_ref10.obj)' or at 'C:\Users\keeee\source\repos\PI-Allegro\2017\PI-Allegro2017\Debug\libsodium.pdb'; linking object as if no debug info
libsodium.lib(onetimeauth_poly1305.obj) : warning LNK4099: PDB 'libsodium.pdb' was not found with 'libsodium.lib(onetimeauth_poly1305.obj)' or at 'C:\Users\keeee\source\repos\PI-Allegro\2017\PI-Allegro2017\Debug\libsodium.pdb'; linking object as if no debug info
libsodium.lib(poly1305_donna.obj) : warning LNK4099: PDB 'libsodium.pdb' was not found with 'libsodium.lib(poly1305_donna.obj)' or at 'C:\Users\keeee\source\repos\PI-Allegro\2017\PI-Allegro2017\Debug\libsodium.pdb'; linking object as if no debug info
libsodium.lib(randombytes.obj) : warning LNK4099: PDB 'libsodium.pdb' was not found with 'libsodium.lib(randombytes.obj)' or at 'C:\Users\keeee\source\repos\PI-Allegro\2017\PI-Allegro2017\Debug\libsodium.pdb'; linking object as if no debug info
libsodium.lib(randombytes_sysrandom.obj) : warning LNK4099: PDB 'libsodium.pdb' was not found with 'libsodium.lib(randombytes_sysrandom.obj)' or at 'C:\Users\keeee\source\repos\PI-Allegro\2017\PI-Allegro2017\Debug\libsodium.pdb'; linking object as if no debug info
libsodium.lib(runtime.obj) : warning LNK4099: PDB 'libsodium.pdb' was not found with 'libsodium.lib(runtime.obj)' or at 'C:\Users\keeee\source\repos\PI-Allegro\2017\PI-Allegro2017\Debug\libsodium.pdb'; linking object as if no debug info
libsodium.lib(core.obj) : warning LNK4099: PDB 'libsodium.pdb' was not found with 'libsodium.lib(core.obj)' or at 'C:\Users\keeee\source\repos\PI-Allegro\2017\PI-Allegro2017\Debug\libsodium.pdb'; linking object as if no debug info
libsodium.lib(utils.obj) : warning LNK4099: PDB 'libsodium.pdb' was not found with 'libsodium.lib(utils.obj)' or at 'C:\Users\keeee\source\repos\PI-Allegro\2017\PI-Allegro2017\Debug\libsodium.pdb'; linking object as if no debug info
libsodium.lib(stream_chacha20.obj) : warning LNK4099: PDB 'libsodium.pdb' was not found with 'libsodium.lib(stream_chacha20.obj)' or at 'C:\Users\keeee\source\repos\PI-Allegro\2017\PI-Allegro2017\Debug\libsodium.pdb'; linking object as if no debug info
libsodium.lib(chacha20_ref.obj) : warning LNK4099: PDB 'libsodium.pdb' was not found with 'libsodium.lib(chacha20_ref.obj)' or at 'C:\Users\keeee\source\repos\PI-Allegro\2017\PI-Allegro2017\Debug\libsodium.pdb'; linking object as if no debug info
libsodium.lib(chacha20_dolbeau-ssse3.obj) : warning LNK4099: PDB 'libsodium.pdb' was not found with 'libsodium.lib(chacha20_dolbeau-ssse3.obj)' or at 'C:\Users\keeee\source\repos\PI-Allegro\2017\PI-Allegro2017\Debug\libsodium.pdb'; linking object as if no debug info
libsodium.lib(stream_salsa20.obj) : warning LNK4099: PDB 'libsodium.pdb' was not found with 'libsodium.lib(stream_salsa20.obj)' or at 'C:\Users\keeee\source\repos\PI-Allegro\2017\PI-Allegro2017\Debug\libsodium.pdb'; linking object as if no debug info
libsodium.lib(salsa20_ref.obj) : warning LNK4099: PDB 'libsodium.pdb' was not found with 'libsodium.lib(salsa20_ref.obj)' or at 'C:\Users\keeee\source\repos\PI-Allegro\2017\PI-Allegro2017\Debug\libsodium.pdb'; linking object as if no debug info
libsodium.lib(salsa20_xmm6int-sse2.obj) : warning LNK4099: PDB 'libsodium.pdb' was not found with 'libsodium.lib(salsa20_xmm6int-sse2.obj)' or at 'C:\Users\keeee\source\repos\PI-Allegro\2017\PI-Allegro2017\Debug\libsodium.pdb'; linking object as if no debug info
libsodium.lib(core_salsa_ref.obj) : warning LNK4099: PDB 'libsodium.pdb' was not found with 'libsodium.lib(core_salsa_ref.obj)' or at 'C:\Users\keeee\source\repos\PI-Allegro\2017\PI-Allegro2017\Debug\libsodium.pdb'; linking object as if no debug info
libsodium.lib(ed25519_ref10.obj) : warning LNK4099: PDB 'libsodium.pdb' was not found with 'libsodium.lib(ed25519_ref10.obj)' or at 'C:\Users\keeee\source\repos\PI-Allegro\2017\PI-Allegro2017\Debug\libsodium.pdb'; linking object as if no debug info
  PI-Allegro2017.vcxproj -> C:\Users\keeee\source\repos\PI-Allegro\2017\PI-Allegro2017\Debug\PI-Allegro2017.exe
